library paths:
... D:/Dokumente/IndoorFarming/deployment/Visualisierungs_App - Kopie/R-Portable/App/R-Portable/library
Loading required package: shiny
Warnung: package 'shiny' was built under R version 4.0.5
Warnung: package 'shinydashboard' was built under R version 4.0.5

Attaching package: 'shinydashboard'

The following object is masked from 'package:graphics':

    box

Warnung: package 'shinyWidgets' was built under R version 4.0.5
Warnung: package 'shinyalert' was built under R version 4.0.5

Attaching package: 'shinyalert'

The following object is masked from 'package:shiny':

    runExample

Warnung: package 'dplyr' was built under R version 4.0.5

Attaching package: 'dplyr'

The following objects are masked from 'package:stats':

    filter, lag

The following objects are masked from 'package:base':

    intersect, setdiff, setequal, union

Warnung: package 'plotly' was built under R version 4.0.5
Loading required package: ggplot2
Warnung: package 'ggplot2' was built under R version 4.0.5

Attaching package: 'plotly'

The following object is masked from 'package:ggplot2':

    last_plot

The following object is masked from 'package:stats':

    filter

The following object is masked from 'package:graphics':

    layout

Warnung: package 'lubridate' was built under R version 4.0.5

Attaching package: 'lubridate'

The following objects are masked from 'package:base':

    date, intersect, setdiff, union

Warnung: package 'data.table' was built under R version 4.0.5

Attaching package: 'data.table'

The following objects are masked from 'package:lubridate':

    hour, isoweek, mday, minute, month, quarter, second, wday, week,
    yday, year

The following objects are masked from 'package:dplyr':

    between, first, last

Warnung: package 'rmarkdown' was built under R version 4.0.5

Listening on http://127.0.0.1:6992
`summarise()` has grouped output by 'date'. You can override using the `.groups` argument.


processing file: report.Rmd
  |                                                                              |                                                                      |   0%  |                                                                              |..........                                                            |  14%
   inline R code fragments

  |                                                                              |....................                                                  |  29%
label: setup (with options) 
List of 1
 $ include: logi FALSE

  |                                                                              |..............................                                        |  43%
  ordinary text without R code

  |                                                                              |........................................                              |  57%
label: unnamed-chunk-1 (with options) 
List of 1
 $ fig.align: chr "center"

  |                                                                              |..................................................                    |  71%
  ordinary text without R code

  |                                                                              |............................................................          |  86%
label: unnamed-chunk-2
  |                                                                              |......................................................................| 100%
  ordinary text without R code


output file: report.knit.md

"D:\Dokumente\IndoorFarming\deployment\Visualisierungs_App - Kopie\Pandoc/pandoc" +RTS -K512m -RTS report.knit.md --to html4 --from markdown+autolink_bare_uris+tex_math_single_backslash --output report.html --lua-filter "D:\Dokumente\IndoorFarming\deployment\Visualisierungs_App - Kopie\R-Portable\App\R-Portable\library\rmarkdown\rmarkdown\lua\pagebreak.lua" --lua-filter "D:\Dokumente\IndoorFarming\deployment\Visualisierungs_App - Kopie\R-Portable\App\R-Portable\library\rmarkdown\rmarkdown\lua\latex-div.lua" --self-contained --variable bs3=TRUE --standalone --section-divs --template "D:\Dokumente\IndoorFarming\deployment\Visualisierungs_App - Kopie\R-Portable\App\R-Portable\library\rmarkdown\rmd\h\default.html" --no-highlight --variable highlightjs=1 --variable theme=bootstrap --include-in-header "C:\Users\Andi\AppData\Local\Temp\RtmpWU2zvp\rmarkdown-str351426ee5409.html" --mathjax --variable "mathjax-url:https://mathjax.rstudio.com/latest/MathJax.js?config=TeX-AMS-MML_HTMLorMML" 

Output created: report.html
^C^C